TN:
SF:constants/environments.js
FNF:0
FNH:0
DA:1,1
DA:2,1
DA:3,1
DA:4,1
LF:4
LH:4
BRF:0
BRH:0
end_of_record
TN:
SF:constants/errorMessages.js
FNF:0
FNH:0
DA:1,1
DA:2,1
DA:3,1
DA:4,1
DA:5,1
LF:5
LH:5
BRF:0
BRH:0
end_of_record
TN:
SF:constants/redisKeys.js
FN:2,COURSE
FN:3,STUDENTS_PAGE
FN:7,REFRESH_TOKEN
FN:8,JWT_BLACKLIST
FNF:4
FNH:4
FNDA:4,COURSE
FNDA:15,STUDENTS_PAGE
FNDA:17,REFRESH_TOKEN
FNDA:28,JWT_BLACKLIST
DA:1,1
DA:2,1
DA:3,1
DA:4,1
DA:5,1
DA:6,1
DA:7,1
DA:8,1
DA:9,1
DA:11,1
DA:12,1
DA:13,1
DA:14,1
DA:15,1
LF:14
LH:14
BRDA:2,0,0,4
BRDA:3,1,0,15
BRDA:4,2,0,13
BRDA:7,3,0,17
BRDA:8,4,0,28
BRF:5
BRH:5
end_of_record
TN:
SF:controllers/studentsController.js
FN:22,repo
FN:23,cacheSvc
FN:24,externalSvc
FN:28,getStudents
FN:37,getStudentsPaginated
FN:58,getStudentById
FN:65,getStudentByIdWithDetails
FN:79,getStudentsExport
FN:102,getStudentsStream
FN:109,createStudent
FN:117,updateStudent
FN:127,deleteStudent
FN:136,importStudents
FN:185,uploadStudentImage
FNF:14
FNH:8
FNDA:28,repo
FNDA:31,cacheSvc
FNDA:0,externalSvc
FNDA:1,getStudents
FNDA:6,getStudentsPaginated
FNDA:1,getStudentById
FNDA:0,getStudentByIdWithDetails
FNDA:0,getStudentsExport
FNDA:0,getStudentsStream
FNDA:19,createStudent
FNDA:2,updateStudent
FNDA:1,deleteStudent
FNDA:0,importStudents
FNDA:0,uploadStudentImage
DA:1,1
DA:15,1
DA:16,1
DA:17,1
DA:19,1
DA:20,1
DA:22,1
DA:23,1
DA:24,1
DA:26,1
DA:28,1
DA:29,1
DA:30,1
DA:31,1
DA:32,1
DA:33,1
DA:34,1
DA:36,1
DA:37,1
DA:38,6
DA:40,6
DA:41,6
DA:42,6
DA:43,2
DA:44,2
DA:45,2
DA:47,4
DA:48,4
DA:49,4
DA:50,4
DA:51,4
DA:53,4
DA:54,4
DA:55,4
DA:56,4
DA:58,1
DA:59,1
DA:60,1
DA:61,1
DA:62,0
DA:63,0
DA:65,1
DA:66,0
DA:67,0
DA:68,0
DA:69,0
DA:70,0
DA:71,0
DA:72,0
DA:73,0
DA:74,0
DA:75,0
DA:76,0
DA:77,0
DA:79,1
DA:80,0
DA:81,0
DA:82,0
DA:83,0
DA:84,0
DA:85,0
DA:86,0
DA:87,0
DA:88,0
DA:90,0
DA:91,0
DA:92,0
DA:93,0
DA:94,0
DA:96,0
DA:97,0
DA:98,0
DA:99,0
DA:100,0
DA:102,1
DA:103,0
DA:104,0
DA:105,0
DA:107,1
DA:109,1
DA:110,19
DA:111,19
DA:112,19
DA:113,19
DA:114,19
DA:115,19
DA:117,1
DA:118,2
DA:119,2
DA:120,2
DA:121,1
DA:122,1
DA:123,1
DA:124,1
DA:125,1
DA:127,1
DA:128,1
DA:129,1
DA:130,1
DA:131,1
DA:132,1
DA:133,1
DA:134,1
DA:136,1
DA:137,0
DA:138,0
DA:140,0
DA:141,0
DA:142,0
DA:144,0
DA:145,0
DA:146,0
DA:147,0
DA:148,0
DA:149,0
DA:150,0
DA:151,0
DA:152,0
DA:153,0
DA:154,0
DA:155,0
DA:156,0
DA:158,0
DA:159,0
DA:160,0
DA:161,0
DA:162,0
DA:163,0
DA:164,0
DA:165,0
DA:166,0
DA:167,0
DA:168,0
DA:169,0
DA:170,0
DA:171,0
DA:172,0
DA:173,0
DA:174,0
DA:175,0
DA:176,0
DA:177,0
DA:178,0
DA:179,0
DA:180,0
DA:181,0
DA:182,0
DA:183,0
DA:185,1
DA:186,0
DA:187,0
DA:188,0
DA:190,0
DA:191,0
DA:193,0
DA:194,0
DA:195,0
DA:196,0
DA:197,0
DA:198,0
DA:199,0
DA:200,0
DA:201,0
DA:203,0
DA:204,0
DA:205,0
DA:206,0
DA:207,0
DA:208,0
DA:209,0
DA:211,0
DA:212,0
DA:213,0
DA:214,0
DA:215,0
DA:216,0
DA:217,0
LF:177
LH:69
BRDA:22,0,0,28
BRDA:23,1,0,31
BRDA:28,2,0,1
BRDA:31,3,0,0
BRDA:37,4,0,6
BRDA:42,5,0,2
BRDA:45,6,0,4
BRDA:50,7,0,8
BRDA:58,8,0,1
BRDA:61,9,0,0
BRDA:109,10,0,19
BRDA:117,11,0,2
BRDA:120,12,0,1
BRDA:127,13,0,1
BRDA:130,14,0,0
BRF:15
BRH:12
end_of_record
TN:
SF:db/drizzle.js
FN:10,drizzlePlugin
FNF:1
FNH:1
FNDA:4,drizzlePlugin
DA:1,1
DA:2,1
DA:3,1
DA:4,1
DA:5,1
DA:6,1
DA:7,1
DA:8,1
DA:9,1
DA:10,4
DA:11,4
DA:12,0
DA:13,0
DA:14,4
DA:15,4
DA:16,4
DA:17,4
DA:18,4
DA:19,4
DA:20,4
DA:21,4
DA:22,1
DA:23,1
DA:24,1
DA:25,1
DA:26,1
LF:26
LH:24
BRDA:10,0,0,4
BRDA:11,1,0,0
BRDA:18,2,0,4
BRF:3
BRH:2
end_of_record
TN:
SF:db/mysql.js
FN:8,mysqlPlugin
FNF:1
FNH:1
FNDA:4,mysqlPlugin
DA:1,1
DA:2,1
DA:3,1
DA:4,1
DA:5,1
DA:6,1
DA:7,1
DA:8,4
DA:9,4
DA:10,4
DA:11,4
DA:12,4
DA:13,4
DA:14,4
DA:15,4
DA:16,4
DA:17,4
DA:18,4
DA:19,4
DA:20,4
DA:21,4
DA:22,4
DA:23,4
DA:24,0
DA:25,0
DA:26,0
DA:27,4
DA:28,4
DA:29,4
DA:30,4
DA:31,4
DA:32,4
DA:33,4
DA:34,4
DA:35,1
DA:36,1
LF:36
LH:33
BRDA:8,0,0,4
BRDA:23,1,0,0
BRDA:30,2,0,4
BRF:3
BRH:2
end_of_record
TN:
SF:db/redis.js
FN:12,redisPlugin
FNF:1
FNH:1
FNDA:4,redisPlugin
DA:1,1
DA:2,1
DA:3,1
DA:4,1
DA:5,1
DA:6,1
DA:7,1
DA:8,1
DA:9,1
DA:10,1
DA:11,1
DA:12,4
DA:13,4
DA:14,4
DA:15,4
DA:16,4
DA:17,4
DA:18,4
DA:19,4
DA:20,4
DA:21,4
DA:22,4
DA:23,4
DA:24,0
DA:25,0
DA:26,0
DA:27,4
DA:28,1
DA:29,1
LF:29
LH:26
BRDA:12,0,0,4
BRDA:16,1,0,0
BRDA:22,2,0,0
BRDA:23,3,0,0
BRF:4
BRH:1
end_of_record
TN:
SF:db/schema.js
FNF:0
FNH:0
DA:1,1
DA:3,1
DA:4,1
DA:5,1
DA:6,1
DA:7,1
DA:8,1
DA:9,1
DA:10,1
DA:11,1
DA:13,1
DA:14,1
DA:15,1
DA:16,1
DA:17,1
DA:18,1
LF:16
LH:16
BRF:0
BRH:0
end_of_record
TN:
SF:plugins/apiV1.js
FN:7,apiV1Plugin
FNF:1
FNH:1
FNDA:4,apiV1Plugin
DA:1,1
DA:2,1
DA:3,1
DA:4,1
DA:5,1
DA:6,1
DA:7,1
DA:8,4
DA:9,4
DA:10,4
DA:11,4
DA:12,4
DA:13,4
DA:14,1
DA:15,1
LF:15
LH:15
BRDA:7,0,0,4
BRF:1
BRH:1
end_of_record
TN:
SF:plugins/apiV2.js
FN:4,apiV2Plugin
FNF:1
FNH:1
FNDA:4,apiV2Plugin
DA:1,1
DA:2,1
DA:3,1
DA:4,1
DA:5,4
DA:6,4
DA:7,4
DA:8,1
DA:9,1
LF:9
LH:9
BRDA:4,0,0,4
BRF:1
BRH:1
end_of_record
TN:
SF:plugins/jwtAuth.js
FN:10,jwtAuthPlugin
FN:21,trusted
FNF:2
FNH:2
FNDA:4,jwtAuthPlugin
FNDA:26,trusted
DA:1,1
DA:2,1
DA:3,1
DA:4,1
DA:5,1
DA:6,1
DA:7,1
DA:8,1
DA:9,1
DA:10,4
DA:11,4
DA:12,4
DA:13,4
DA:14,4
DA:15,4
DA:16,4
DA:17,4
DA:18,4
DA:19,4
DA:20,4
DA:21,4
DA:22,26
DA:23,26
DA:24,26
DA:25,26
DA:26,26
DA:27,4
DA:28,4
DA:29,4
DA:30,4
DA:31,27
DA:32,27
DA:33,26
DA:34,2
DA:35,2
DA:36,4
DA:37,4
DA:38,1
DA:39,1
DA:40,1
DA:41,1
DA:42,1
LF:42
LH:42
BRDA:10,0,0,4
BRDA:21,1,0,26
BRDA:22,2,0,0
BRDA:30,3,0,27
BRDA:33,4,0,26
BRDA:33,5,0,25
BRDA:33,6,0,2
BRF:7
BRH:6
end_of_record
TN:
SF:repositories/studentsRepository.js
FN:9,createStudentsRepository
FN:10,fromRow
FN:19,findAll
FN:24,findByCourse
FN:33,findById
FN:38,findPage
FN:52,create
FN:64,update
FN:81,remove
FN:89,cursor
FNF:10
FNH:8
FNDA:4,createStudentsRepository
FNDA:30,fromRow
FNDA:1,findAll
FNDA:0,findByCourse
FNDA:24,findById
FNDA:4,findPage
FNDA:19,create
FNDA:2,update
FNDA:1,remove
FNDA:0,cursor
DA:1,1
DA:5,1
DA:6,1
DA:7,1
DA:8,1
DA:9,1
DA:10,4
DA:11,30
DA:12,30
DA:13,30
DA:14,0
DA:15,0
DA:16,30
DA:17,4
DA:19,4
DA:20,1
DA:21,1
DA:22,4
DA:24,4
DA:25,0
DA:26,0
DA:27,0
DA:28,0
DA:29,0
DA:30,0
DA:31,4
DA:33,4
DA:34,24
DA:35,24
DA:36,4
DA:38,4
DA:39,4
DA:41,4
DA:42,4
DA:43,4
DA:45,4
DA:46,4
DA:47,4
DA:49,4
DA:50,4
DA:52,4
DA:53,19
DA:54,19
DA:55,19
DA:56,19
DA:57,19
DA:58,19
DA:59,19
DA:60,19
DA:61,19
DA:62,4
DA:64,4
DA:65,2
DA:66,2
DA:67,1
DA:68,1
DA:69,1
DA:70,1
DA:71,1
DA:72,2
DA:73,2
DA:74,2
DA:75,2
DA:76,2
DA:77,2
DA:78,1
DA:79,4
DA:81,4
DA:82,1
DA:83,1
DA:84,1
DA:85,1
DA:86,4
DA:88,4
DA:89,4
DA:90,0
DA:91,0
DA:92,0
DA:93,0
DA:94,0
DA:95,4
DA:97,4
DA:98,4
LF:83
LH:70
BRDA:9,0,0,4
BRDA:10,1,0,30
BRDA:11,2,0,0
BRDA:13,3,0,0
BRDA:16,4,0,0
BRDA:19,5,0,1
BRDA:33,6,0,24
BRDA:35,7,0,22
BRDA:35,8,0,2
BRDA:38,9,0,4
BRDA:39,10,0,0
BRDA:42,11,0,0
BRDA:46,12,0,0
BRDA:52,13,0,19
BRDA:55,14,0,3
BRDA:57,15,0,18
BRDA:60,16,0,0
BRDA:64,17,0,2
BRDA:66,18,0,1
BRDA:72,19,0,0
BRDA:74,20,0,1
BRDA:75,21,0,1
BRDA:77,22,0,1
BRDA:81,23,0,1
BRDA:83,24,0,0
BRF:25
BRH:16
end_of_record
TN:
SF:routes/v1/auth.js
FN:8,authRoutes
FNF:1
FNH:1
FNDA:4,authRoutes
DA:1,1
DA:2,1
DA:3,1
DA:4,1
DA:5,1
DA:6,1
DA:7,1
DA:8,1
DA:9,4
DA:10,4
DA:11,4
DA:12,4
DA:13,4
DA:14,4
DA:15,4
DA:16,4
DA:17,4
DA:18,18
DA:19,18
DA:20,17
DA:21,18
DA:22,1
DA:23,0
DA:24,0
DA:25,4
DA:26,4
DA:27,4
DA:28,4
DA:29,4
DA:30,4
DA:31,4
DA:32,4
DA:33,4
DA:34,4
DA:35,4
DA:36,4
DA:37,4
DA:38,4
DA:39,4
DA:40,4
DA:41,4
DA:42,4
DA:43,4
DA:44,15
DA:45,15
DA:46,14
DA:47,14
DA:48,14
DA:49,14
DA:50,14
DA:51,14
DA:52,14
DA:53,14
DA:54,14
DA:55,14
DA:56,14
DA:57,14
DA:58,14
DA:59,14
DA:60,14
DA:61,14
DA:62,14
DA:63,14
DA:64,14
DA:65,14
DA:66,14
DA:67,14
DA:68,14
DA:69,14
DA:70,14
DA:71,14
DA:72,14
DA:73,14
DA:74,4
DA:75,4
DA:76,4
DA:77,4
DA:78,4
DA:79,4
DA:80,4
DA:81,4
DA:82,4
DA:83,4
DA:84,4
DA:85,4
DA:86,2
DA:87,2
DA:88,1
DA:89,1
DA:90,1
DA:91,1
DA:92,2
DA:93,0
DA:94,0
DA:95,2
DA:96,0
DA:97,0
DA:98,1
DA:99,1
DA:100,2
DA:101,0
DA:102,0
DA:103,1
DA:104,1
DA:105,2
DA:106,1
DA:107,1
DA:108,1
DA:109,1
DA:110,1
DA:111,1
DA:112,1
DA:113,4
DA:114,4
DA:115,4
DA:116,4
DA:117,4
DA:118,4
DA:119,4
DA:120,4
DA:121,4
DA:122,4
DA:123,4
DA:124,1
DA:125,1
DA:126,1
DA:127,1
DA:128,1
DA:129,1
DA:130,1
DA:131,1
DA:132,1
DA:133,1
DA:134,1
DA:135,1
DA:136,1
DA:137,1
DA:138,4
DA:139,4
DA:140,4
DA:141,4
DA:142,4
DA:143,4
DA:144,4
DA:145,0
DA:146,0
DA:147,0
DA:148,4
DA:149,4
DA:150,1
DA:151,1
LF:151
LH:140
BRDA:8,0,0,4
BRDA:17,1,0,18
BRDA:20,2,0,17
BRDA:21,3,0,1
BRDA:23,4,0,0
BRDA:43,5,0,15
BRDA:45,6,0,1
BRDA:46,7,0,14
BRDA:85,8,0,2
BRDA:87,9,0,1
BRDA:92,10,0,0
BRDA:95,11,0,1
BRDA:95,12,0,0
BRDA:98,13,0,1
BRDA:100,14,0,0
BRDA:103,15,0,1
BRDA:105,16,0,0
BRDA:106,17,0,1
BRDA:123,18,0,1
BRF:19
BRH:14
end_of_record
TN:
SF:routes/v1/backups.js
FN:12,backupRoutes
FN:28,onRequest
FNF:2
FNH:1
FNDA:4,backupRoutes
FNDA:0,onRequest
DA:1,1
DA:2,1
DA:3,1
DA:4,1
DA:5,1
DA:6,1
DA:7,1
DA:8,1
DA:9,1
DA:10,1
DA:11,1
DA:12,1
DA:13,4
DA:14,4
DA:15,4
DA:16,4
DA:17,4
DA:18,4
DA:19,4
DA:20,4
DA:21,4
DA:22,4
DA:23,4
DA:24,4
DA:25,4
DA:26,4
DA:27,4
DA:28,4
DA:29,0
DA:30,0
DA:31,0
DA:32,0
DA:33,4
DA:34,4
DA:35,4
DA:36,0
DA:37,0
DA:38,0
DA:39,0
DA:40,0
DA:41,0
DA:42,0
DA:43,0
DA:44,0
DA:45,0
DA:46,0
DA:47,0
DA:48,0
DA:49,0
DA:50,0
DA:51,0
DA:52,0
DA:53,0
DA:54,0
DA:55,0
DA:56,0
DA:57,4
DA:58,4
DA:59,4
DA:60,1
DA:61,1
LF:61
LH:36
BRDA:12,0,0,4
BRF:1
BRH:1
end_of_record
TN:
SF:routes/v1/health.js
FN:6,healthRoutesV1
FN:32,onRequest
FNF:2
FNH:1
FNDA:4,healthRoutesV1
FNDA:0,onRequest
DA:1,1
DA:2,1
DA:3,1
DA:4,1
DA:5,1
DA:6,1
DA:7,4
DA:8,4
DA:9,4
DA:10,4
DA:11,4
DA:12,4
DA:13,4
DA:14,4
DA:15,4
DA:16,4
DA:17,4
DA:18,4
DA:19,4
DA:20,4
DA:21,4
DA:22,4
DA:23,4
DA:24,4
DA:25,4
DA:26,4
DA:27,4
DA:28,4
DA:29,4
DA:30,4
DA:31,4
DA:32,4
DA:33,0
DA:34,0
DA:35,0
DA:36,0
DA:37,4
DA:38,4
DA:39,4
DA:40,4
DA:41,4
DA:42,1
DA:43,1
LF:43
LH:39
BRDA:6,0,0,4
BRF:1
BRH:1
end_of_record
TN:
SF:routes/v1/students.js
FN:13,studentRoutesV1
FNF:1
FNH:1
FNDA:4,studentRoutesV1
DA:1,1
DA:6,1
DA:9,1
DA:10,1
DA:11,1
DA:12,1
DA:13,1
DA:14,4
DA:15,4
DA:16,4
DA:17,4
DA:18,4
DA:19,4
DA:20,4
DA:21,4
DA:22,4
DA:23,4
DA:24,4
DA:25,4
DA:26,4
DA:27,4
DA:28,4
DA:29,4
DA:30,4
DA:31,4
DA:32,4
DA:33,4
DA:34,4
DA:35,4
DA:36,4
DA:37,4
DA:38,4
DA:39,4
DA:40,4
DA:41,4
DA:42,4
DA:43,4
DA:44,4
DA:45,4
DA:46,4
DA:47,4
DA:48,4
DA:49,4
DA:50,4
DA:51,4
DA:52,4
DA:53,4
DA:54,4
DA:55,4
DA:56,4
DA:57,1
DA:58,1
LF:52
LH:52
BRDA:13,0,0,4
BRF:1
BRH:1
end_of_record
TN:
SF:routes/v2/students.js
FN:9,studentRoutesV2
FNF:1
FNH:1
FNDA:4,studentRoutesV2
DA:1,1
DA:5,1
DA:6,1
DA:7,1
DA:8,1
DA:9,1
DA:10,4
DA:11,4
DA:12,4
DA:13,4
DA:14,4
DA:15,4
DA:16,4
DA:17,4
DA:18,4
DA:19,4
DA:20,4
DA:21,4
DA:22,4
DA:23,4
DA:24,1
DA:25,1
LF:22
LH:22
BRDA:9,0,0,4
BRF:1
BRH:1
end_of_record
TN:
SF:schemas/authSchema.js
FNF:0
FNH:0
DA:1,1
DA:2,1
DA:3,1
DA:4,1
DA:5,1
DA:6,1
DA:7,1
DA:8,1
DA:9,1
DA:11,1
DA:12,1
DA:13,1
DA:14,1
DA:15,1
DA:16,1
DA:17,1
DA:18,1
DA:19,1
DA:21,1
DA:22,1
DA:23,1
DA:24,1
DA:25,1
DA:26,1
DA:27,1
LF:25
LH:25
BRF:0
BRH:0
end_of_record
TN:
SF:schemas/envSchema.js
FNF:0
FNH:0
DA:1,1
DA:3,1
DA:4,1
DA:5,1
DA:6,1
DA:7,1
DA:8,1
DA:9,1
DA:10,1
DA:11,1
DA:12,1
DA:13,1
DA:14,1
DA:15,1
DA:16,1
DA:17,1
DA:18,1
DA:19,1
DA:20,1
DA:21,1
DA:22,1
DA:23,1
DA:24,1
DA:25,1
DA:26,1
DA:27,1
DA:28,1
DA:29,1
LF:28
LH:28
BRF:0
BRH:0
end_of_record
TN:
SF:schemas/githubSchemas.js
FNF:0
FNH:0
DA:1,1
DA:2,1
DA:3,1
DA:4,1
DA:5,1
DA:6,1
DA:7,1
DA:8,1
DA:9,1
DA:10,1
DA:11,1
DA:12,1
DA:14,1
DA:15,1
DA:16,1
DA:17,1
DA:18,1
DA:19,1
DA:20,1
DA:21,1
DA:22,1
DA:23,1
DA:24,1
DA:25,1
DA:26,1
DA:27,1
DA:28,1
DA:29,1
DA:30,1
LF:29
LH:29
BRF:0
BRH:0
end_of_record
TN:
SF:schemas/paginationSchema.js
FNF:0
FNH:0
DA:1,1
DA:2,1
DA:3,1
DA:4,1
DA:5,1
DA:6,1
DA:7,1
DA:8,1
DA:9,1
DA:11,1
DA:12,1
DA:13,1
DA:14,1
DA:15,1
DA:16,1
DA:17,1
DA:18,1
DA:19,1
DA:20,1
DA:21,1
DA:22,1
DA:23,1
DA:24,1
DA:25,1
DA:26,1
DA:27,1
DA:28,1
DA:29,1
DA:30,1
DA:31,1
DA:32,1
DA:33,1
DA:34,1
DA:35,1
DA:36,1
DA:37,1
DA:38,1
DA:39,1
LF:38
LH:38
BRF:0
BRH:0
end_of_record
TN:
SF:schemas/studentSchema.js
FNF:0
FNH:0
DA:1,1
DA:2,1
DA:3,1
DA:4,1
DA:5,1
DA:6,1
DA:7,1
DA:9,1
DA:10,1
DA:11,1
DA:12,1
DA:13,1
DA:14,1
DA:15,1
DA:16,1
DA:17,1
DA:18,1
DA:19,1
DA:20,1
DA:21,1
DA:22,1
DA:24,1
DA:25,1
DA:26,1
DA:27,1
DA:28,1
DA:29,1
DA:30,1
DA:31,1
DA:32,1
DA:33,1
DA:34,1
DA:35,1
DA:36,1
DA:37,1
DA:39,1
DA:40,1
DA:41,1
DA:42,1
DA:43,1
DA:44,1
DA:45,1
LF:42
LH:42
BRF:0
BRH:0
end_of_record
TN:
SF:services/authService.js
FN:7,createAuthService
FN:8,sanitize
FN:14,register
FN:26,verify
FN:33,findById
FNF:5
FNH:5
FNDA:11,createAuthService
FNDA:36,sanitize
FNDA:20,register
FNDA:18,verify
FNDA:3,findById
DA:1,1
DA:3,1
DA:4,1
DA:5,1
DA:6,1
DA:7,1
DA:8,11
DA:9,36
DA:10,35
DA:11,35
DA:12,11
DA:14,11
DA:15,20
DA:16,20
DA:17,2
DA:18,2
DA:19,2
DA:20,2
DA:21,18
DA:22,18
DA:23,18
DA:24,11
DA:26,11
DA:27,18
DA:28,18
DA:29,17
DA:30,18
DA:31,11
DA:33,11
DA:35,11
DA:36,11
LF:31
LH:31
BRDA:7,0,0,11
BRDA:8,1,0,36
BRDA:9,2,0,1
BRDA:9,3,0,35
BRDA:14,4,0,20
BRDA:16,5,0,19
BRDA:16,6,0,2
BRDA:20,7,0,18
BRDA:26,8,0,18
BRDA:28,9,0,1
BRDA:28,10,0,17
BRDA:30,11,0,15
BRDA:30,12,0,2
BRDA:33,13,0,3
BRF:14
BRH:14
end_of_record
TN:
SF:services/eventBus.js
FNF:0
FNH:0
DA:1,1
DA:3,1
DA:4,1
DA:5,1
DA:6,1
DA:7,1
DA:8,1
DA:9,1
DA:10,1
DA:12,1
DA:13,1
DA:15,1
DA:16,1
DA:17,1
DA:18,1
DA:19,1
LF:16
LH:16
BRF:0
BRH:0
end_of_record
TN:
SF:services/externalService.js
FN:6,fetchWithTimeout
FN:13,fetchWithRetry
FN:30,createExternalService
FN:31,findCourseById
FNF:4
FNH:4
FNDA:4,fetchWithTimeout
FNDA:2,fetchWithRetry
FNDA:7,createExternalService
FNDA:3,findCourseById
DA:1,1
DA:3,1
DA:4,1
DA:6,1
DA:7,4
DA:8,4
DA:9,4
DA:10,4
DA:11,4
DA:13,1
DA:14,2
DA:15,2
DA:16,4
DA:17,4
DA:18,4
DA:19,1
DA:20,4
DA:21,3
DA:22,3
DA:23,3
DA:24,3
DA:25,3
DA:26,4
DA:27,3
DA:28,3
DA:30,1
DA:31,7
DA:32,3
DA:33,3
DA:34,3
DA:35,3
DA:36,3
DA:37,2
DA:38,2
DA:39,1
DA:40,1
DA:41,3
DA:42,1
DA:43,1
DA:44,1
DA:45,1
DA:46,1
DA:47,7
DA:48,7
DA:49,7
LF:45
LH:45
BRDA:6,0,0,4
BRDA:13,1,0,2
BRDA:15,2,0,4
BRDA:17,3,0,1
BRDA:18,4,0,0
BRDA:18,5,0,1
BRDA:20,6,0,3
BRDA:24,7,0,2
BRDA:26,8,0,3
BRDA:24,9,0,2
BRDA:30,10,0,7
BRDA:31,11,0,3
BRDA:35,12,0,1
BRDA:36,13,0,0
BRDA:36,14,0,2
BRDA:38,15,0,1
BRDA:41,16,0,0
BRDA:41,17,0,1
BRF:18
BRH:15
end_of_record
TN:
SF:services/studentsCacheService.js
FN:8,createStudentsCacheService
FN:9,get
FN:20,set
FN:32,invalidateAll
FNF:4
FNH:4
FNDA:8,createStudentsCacheService
FNDA:8,get
FNDA:5,set
FNDA:22,invalidateAll
DA:1,1
DA:3,1
DA:4,1
DA:5,1
DA:6,1
DA:7,1
DA:8,1
DA:9,8
DA:10,8
DA:11,8
DA:12,8
DA:13,8
DA:14,8
DA:15,0
DA:16,0
DA:17,0
DA:18,8
DA:20,8
DA:21,5
DA:22,5
DA:23,5
DA:24,5
DA:25,0
DA:26,0
DA:27,8
DA:29,8
DA:30,8
DA:31,8
DA:32,8
DA:33,22
DA:34,22
DA:35,22
DA:36,22
DA:37,22
DA:38,22
DA:39,22
DA:40,23
DA:41,3
DA:42,3
DA:43,3
DA:44,22
DA:45,22
DA:46,22
DA:47,22
DA:48,22
DA:49,22
DA:50,22
DA:51,8
DA:53,8
DA:54,8
LF:50
LH:45
BRDA:8,0,0,8
BRDA:9,1,0,8
BRDA:13,2,0,3
BRDA:13,3,0,5
BRDA:14,4,0,0
BRDA:20,5,0,5
BRDA:24,6,0,0
BRDA:32,7,0,22
BRDA:33,8,0,22
BRDA:39,9,0,23
BRDA:40,10,0,3
BRDA:45,11,0,22
BRDA:46,12,0,2
BRF:13
BRH:11
end_of_record
TN:
SF:services/usersRepository.js
FN:7,createUsersRepository
FN:8,findByEmail
FN:13,findById
FN:18,create
FNF:4
FNH:4
FNDA:4,createUsersRepository
FNDA:33,findByEmail
FNDA:18,findById
FNDA:17,create
DA:1,1
DA:4,1
DA:5,1
DA:6,1
DA:7,1
DA:8,4
DA:9,33
DA:10,33
DA:11,4
DA:13,4
DA:14,18
DA:15,18
DA:16,4
DA:18,4
DA:19,17
DA:20,17
DA:21,17
DA:22,4
DA:24,4
DA:25,4
LF:20
LH:20
BRDA:7,0,0,4
BRDA:8,1,0,33
BRDA:10,2,0,17
BRDA:13,3,0,18
BRDA:15,4,0,0
BRDA:18,5,0,17
BRDA:20,6,0,0
BRF:7
BRH:5
end_of_record
TN:
SF:src/transforms/ndjsonTransform.js
FN:8,NdjsonTransform
FN:12,_transform
FNF:2
FNH:2
FNDA:1,NdjsonTransform
FNDA:2,_transform
DA:1,1
DA:3,1
DA:4,1
DA:5,1
DA:6,1
DA:7,1
DA:8,1
DA:9,1
DA:10,1
DA:12,1
DA:13,2
DA:14,2
DA:15,2
DA:16,0
DA:17,0
DA:18,2
DA:19,1
LF:17
LH:15
BRDA:8,0,0,1
BRDA:12,1,0,2
BRDA:15,2,0,0
BRF:3
BRH:2
end_of_record
TN:
SF:src/transforms/studentAvgGradeTransform.js
FN:8,StudentAvgGradeTransform
FN:12,_transform
FNF:2
FNH:2
FNDA:3,StudentAvgGradeTransform
FNDA:3,_transform
DA:1,1
DA:3,1
DA:4,1
DA:5,1
DA:6,1
DA:7,1
DA:8,1
DA:9,3
DA:10,3
DA:12,1
DA:13,3
DA:14,3
DA:15,3
DA:16,3
DA:17,1
DA:18,1
DA:19,3
DA:21,3
DA:22,3
DA:23,3
DA:24,3
DA:25,0
DA:26,0
DA:27,3
DA:28,1
LF:25
LH:23
BRDA:8,0,0,3
BRDA:12,1,0,3
BRDA:14,2,0,2
BRDA:14,3,0,1
BRDA:16,4,0,1
BRDA:19,5,0,2
BRDA:24,6,0,0
BRDA:17,7,0,3
BRF:8
BRH:7
end_of_record
TN:
SF:utils/backup.js
FN:15,runBackup
FN:35,pruneOldBackups
FNF:2
FNH:2
FNDA:2,runBackup
FNDA:2,pruneOldBackups
DA:1,1
DA:8,1
DA:9,1
DA:11,1
DA:12,1
DA:13,1
DA:14,1
DA:15,1
DA:16,2
DA:18,2
DA:19,2
DA:20,1
DA:21,1
DA:22,1
DA:23,1
DA:25,1
DA:26,1
DA:27,1
DA:28,1
DA:29,1
DA:31,1
DA:32,1
DA:33,1
DA:35,1
DA:36,2
DA:37,2
DA:38,2
DA:39,2
DA:40,0
DA:41,0
DA:42,0
DA:43,0
DA:44,0
DA:45,2
LF:34
LH:29
BRDA:15,0,0,2
BRDA:19,1,0,1
BRDA:35,2,0,2
BRDA:39,3,0,0
BRDA:37,4,0,5
BRF:5
BRH:4
end_of_record
TN:
SF:utils/formatImageUrl.js
FN:1,formatImageUrl
FNF:1
FNH:1
FNDA:32,formatImageUrl
DA:1,1
DA:2,32
DA:3,2
DA:4,2
LF:4
LH:4
BRDA:1,0,0,32
BRDA:2,1,0,30
BRDA:2,2,0,2
BRF:3
BRH:3
end_of_record
TN:
SF:utils/gracefulShutdown.js
FN:1,gracefulShutdown
FNF:1
FNH:1
FNDA:2,gracefulShutdown
DA:1,1
DA:2,2
DA:3,2
DA:4,2
DA:5,0
DA:6,0
DA:7,2
DA:8,2
DA:9,2
DA:10,2
DA:11,2
DA:12,2
DA:13,2
DA:14,0
DA:15,0
DA:16,0
DA:17,0
DA:18,2
DA:19,1
DA:20,1
LF:20
LH:14
BRDA:1,0,0,2
BRDA:13,1,0,0
BRF:2
BRH:1
end_of_record
